2017-04-27 01:39:55:< ログイン >Username : 石津聖 : Password : $2y$10$UpWjluX/b6qQoMmUAlM4duxJ58aZVF15P6YmaCZgZOiGU8u2BslJal
2017-04-27 02:11:39:< ログイン >Username : 石津聖 : Password : $2y$10$U8tmeMqO0UEp0ThZYq2P/Omli/mGTJ1A0hncRow9H/zjA0LX7/OM6l
2017-04-27 02:14:24:< クライアント削除 >石津 聖 を削除しましたl
2017-04-27 02:16:47:< クライアント登録 >Clientname : sdfsdfsdfsdfが新たに追加されましたl
2017-04-27 02:27:33:< クライアント削除 >sdfsdf sdfsdf を削除しましたl
2017-04-27 02:29:11:< クライアント登録 >Clientname : werwesdfsdfが新たに追加されましたl
2017-04-27 05:36:47:< ログイン >Username : 石津聖 : Password : $2y$10$bSbtypo0N13u4p.uQDb63.AAuoI7iW4NBv9kwGt1vXAxbEsGqU2YWl
2017-04-27 06:24:20:< クライアント登録 >Clientname : dgsgdfgsddfgsdfgdsfが新たに追加されましたl
2017-04-27 07:02:47:< クライアント削除 >dgsgdfgsd dfgsdfgdsf を削除しましたl
2017-04-27 07:52:36:< クライアント情報編集 >werwe sdfsdf が編集されました
2017-04-27 08:26:58:< ログイン >Username : 石津聖 : Password : $2y$10$s7J2yl4r3QcvSKp0C4leFuWmQQgqnchhs0ezatoSenxldhBAsNePKl
2017-04-27 08:32:28:< クライアント情報編集 >werwe sdfsdf が編集されました
2017-04-27 08:32:54:< クライアント情報編集 >werwe sdfsdf が編集されました
2017-04-27 08:33:14:< クライアント情報編集 >werwe sdfsdf が編集されました
2017-04-27 08:34:00:< クライアント情報編集 >werwe sdfsdf が編集されました
2017-04-27 08:34:14:< クライアント情報編集 >werwe sdfsdf が編集されました
2017-04-27 08:34:29:< クライアント情報編集 >werwe sdfsdf が編集されました
2017-04-27 08:39:36:< クライアント情報編集 >werwe sdfsdf が編集されました
2017-04-27 08:39:49:< クライアント情報編集 >werwe sdfsdf が編集されました
2017-04-27 08:40:11:< クライアント情報編集 >werwe sdfsdf が編集されました
2017-04-27 08:40:59:< クライアント情報編集 >werwe sdfsdf が編集されました
2017-04-27 08:50:48:< クライアント情報編集 >werwe sdfsdf が編集されました
2017-04-27 08:51:23:< クライアント情報編集 >werwe sdfsdf が編集されました
2017-04-27 08:51:40:< クライアント情報編集 >werwe sdfsdf が編集されました
2017-04-27 08:51:49:< クライアント情報編集 >werwe sdfsdf が編集されました
2017-04-27 08:53:09:< クライアント削除 >werwe sdfsdf を削除しました
2017-04-27 08:54:57:< クライアント登録 >Clientname : sdfsdasdfが新たに追加されました
2017-04-27 08:57:34:< クライアント登録 >Clientname : sdfsdasdfが新たに追加されました
2017-04-27 08:57:37:< クライアント登録 >Clientname : sdfsdasdfが新たに追加されました
2017-04-27 08:59:12:< クライアント登録 >Clientname : sdfsdfsfsdfが新たに追加されました
2017-04-27 09:02:10:< クライアント登録 >Clientname : sdfsdsdfsが新たに追加されました
2017-04-27 09:02:19:< クライアント削除 >sdfsd sdfs を削除しました
2017-04-27 09:02:22:< クライアント削除 >sdfsd asdf を削除しました
2017-04-27 09:02:25:< クライアント削除 >sdfsd asdf を削除しました
2017-04-27 09:02:28:< クライアント削除 >sdfsd asdf を削除しました
2017-04-27 09:02:31:< クライアント削除 >sdfsdf sfsdf を削除しました
2017-04-27 09:03:32:< クライアント登録 >Clientname : asdfasdsdfasdfが新たに追加されました
2017-04-27 09:03:37:< クライアント削除 >asdfasd sdfasdf を削除しました
2017-04-27 09:05:16:< クライアント登録 >Clientname : いっしーさｄｆが新たに追加されました
2017-04-27 09:05:36:< クライアント登録 >Clientname : いっしーさｄｆが新たに追加されました
2017-04-27 09:05:53:< クライアント削除 >いっしー さｄｆ を削除しました
2017-04-27 09:10:44:< クライアント登録 >Clientname : sadfasdfが新たに追加されました
2017-04-27 09:16:41:< クライアント登録 >Clientname : wergdgdsfghが新たに追加されました
2017-04-27 09:25:32:< クライアント登録 >Clientname : wergdgdsfghが新たに追加されました
2017-04-27 09:26:15:< クライアント登録 >Clientname : wergdgdsfghが新たに追加されました
2017-04-27 09:44:24:< クライアント情報編集 >いっしー さｄｆ が編集されました
2017-04-27 09:45:42:< クライアント情報編集 >いっしー さｄｆ が編集されました
2017-04-27 09:45:55:< クライアント情報編集 >いっしー さｄｆ が編集されました
2017-04-27 09:46:14:< クライアント情報編集 >sadf asdf が編集されました
2017-04-27 09:46:59:< クライアント情報編集 >いっしー さｄｆ が編集されました
2017-04-27 09:48:17:< クライアント登録 >Clientname : dfsdfが新たに追加されました
2017-04-27 09:48:29:< クライアント登録 >Clientname : dfsdfが新たに追加されました
2017-04-27 10:00:29:< クライアント情報編集 >df sdf が編集されました
2017-04-27 10:00:47:< クライアント情報編集 >df sdf が編集されました
2017-04-27 10:03:37:< クライアント情報編集 >df sdf が編集されました
2017-04-27 10:03:48:< クライアント情報編集 >df sdf が編集されました
2017-04-27 10:04:06:< クライアント情報編集 >df sdf が編集されました
2017-04-27 10:04:22:< クライアント情報編集 >df sdf が編集されました
2017-04-27 10:06:30:< クライアント情報編集 >df sdf が編集されました
2017-04-27 10:09:17:< クライアント情報編集 >df sdf が編集されました
2017-04-27 10:09:37:< クライアント情報編集 >df sdf が編集されました
2017-04-27 10:13:34:< クライアント情報編集 >df sdf が編集されました
2017-04-27 10:14:12:< クライアント情報編集 >df sdf が編集されました
2017-04-27 10:14:31:< クライアント情報編集 >df sdf が編集されました
2017-04-27 10:21:50:< クライアント情報編集 >werg dgdsfgh が編集されました
2017-04-27 10:22:17:< クライアント情報編集 >werg dgdsfgh が編集されました
2017-04-27 10:22:50:< クライアント情報編集 >werg dgdsfgh が編集されました
2017-04-27 10:26:07:< クライアント情報編集 >werg dgdsfgh が編集されました
2017-04-27 10:27:57:< クライアント情報編集 >werg dgdsfgh が編集されました
2017-04-27 10:28:08:< クライアント情報編集 >werg dgdsfgh が編集されました
2017-04-27 10:28:27:< クライアント情報編集 >werg dgdsfgh が編集されました
2017-04-27 10:34:06:< ログイン >Username : 石津聖 : Password : $2y$10$gWaiC.aU5VtD2OKlMB6wx.sdO/vcyGY9./MWcssu.TtiSZ/WRMmdOl
2017-04-27 10:40:45:< クライアント情報編集 >df sdf が編集されました
2017-04-27 10:46:04:< クライアント情報編集 >df sdf が編集されました
2017-04-27 10:46:47:< クライアント情報編集 >df sdf が編集されました
2017-04-27 10:51:33:< クライアント情報編集 >df sdf が編集されました
2017-04-27 13:04:07:< ログイン >Username : 石津聖 : Password : $2y$10$Mw2seCSDcgS64YnAMO1USuPpcXIN8noQezfF0KtTYfb83VNHKZgf.l
2017-04-27 13:15:41:< クライアント情報編集 >df sdf が編集されました
2017-04-27 13:17:27:< クライアント情報編集 >df sdf が編集されました
2017-04-27 13:24:57:< クライアント登録 >Clientname : 石津聖が新たに追加されました
2017-04-27 13:25:32:< クライアント情報編集 >石津 聖 が編集されました
2017-04-27 13:29:29:< クライアント登録 >Clientname : 遠藤晋二郎が新たに追加されました
2017-04-27 13:36:00:< クライアント登録 >Clientname : 今瀬明仁が新たに追加されました
2017-04-27 13:38:01:< クライアント登録 >Clientname : 今瀬明仁が新たに追加されました
2017-04-27 13:40:01:< クライアント登録 >Clientname : 今瀬明仁が新たに追加されました
2017-04-27 13:40:14:< クライアント登録 >Clientname : 今瀬明仁が新たに追加されました
2017-04-27 13:40:59:< クライアント登録 >
2017-04-27 13:41:15:< クライアント登録 >
2017-04-27 13:41:56:< クライアント登録 >
2017-04-27 13:42:13:< クライアント登録 >
2017-04-27 13:42:21:< クライアント登録 >
2017-04-27 13:42:46:< クライアント登録 >
2017-04-27 13:42:54:< クライアント登録 >
2017-04-27 13:43:01:< クライアント登録 >
2017-04-27 13:43:13:< クライアント登録 >
2017-04-27 13:43:42:< クライアント登録 >
2017-04-27 13:43:54:< クライアント登録 >
2017-04-27 13:44:04:< クライアント登録 >
2017-04-27 13:44:41:< クライアント登録 >
2017-04-27 13:46:01:< クライアント登録 >
2017-04-27 13:46:10:< クライアント登録 >
2017-04-27 13:46:39:< クライアント登録 >
2017-04-27 13:46:48:< クライアント登録 >
2017-04-27 13:47:02:< クライアント登録 >
2017-04-27 13:47:09:< クライアント登録 >
2017-04-27 13:47:26:< クライアント登録 >
2017-04-27 13:47:55:< クライアント登録 >
2017-04-27 13:51:36:< クライアント登録 >
2017-04-27 13:54:36:< ログイン >Username : 石津聖 : Password : $2y$10$bAchnjPqtCxa3ArlSr8YGe5/q2CIa4TxqoKMXSicbiA8By3u8W5Byl
2017-04-27 14:45:27:< ログイン >Username : 石津聖 : Password : $2y$10$tLcb.GwZBv932tBCWjXDreHYxsm1OsgLYEvdghSJzQe3.Px9/j6eCl
2017-04-27 14:45:32:< クライアント削除 >今瀬 明仁 を削除しました
2017-04-27 14:45:38:< クライアント削除 >今瀬 明仁 を削除しました
2017-04-27 14:45:44:< クライアント削除 >今瀬 明仁 を削除しました
2017-04-27 14:45:49:< クライアント削除 >今瀬 明仁 を削除しました
2017-04-27 14:45:54:< クライアント削除 >今瀬 明仁 を削除しました
2017-04-27 14:46:03:< クライアント削除 >df sdf を削除しました
2017-04-27 14:46:41:< ログイン >Username : 石津聖 : Password : $2y$10$ipnMAI4CkQIpc3n9rO.Yh.8Z08Uh7jNvWPFXGlXmmqyxRVRde734Sl
2017-04-27 14:54:08:< クライアント削除 >いっしー さｄｆ を削除しました
2017-04-27 14:58:18:< クライアント情報編集 >遠藤 晋二郎 が編集されました
2017-04-27 14:59:19:< クライアント情報編集 >今瀬 明仁 が編集されました
2017-04-27 15:14:18:< クライアント削除 >sadf asdf を削除しました
2017-04-27 15:14:22:< クライアント削除 >werg dgdsfgh を削除しました
2017-04-27 15:14:26:< クライアント削除 >werg dgdsfgh を削除しました
2017-04-27 15:14:29:< クライアント削除 >werg dgdsfgh を削除しました
2017-04-27 15:14:36:< クライアント削除 >df sdf を削除しました
2017-04-27 15:29:53:< クライアント削除 >石津 聖 を削除しました
2017-04-27 15:29:56:< クライアント削除 >石津 美智江 を削除しました
2017-04-27 15:29:59:< クライアント削除 >遠藤 晋二郎 を削除しました
2017-04-27 15:30:02:< クライアント削除 >今瀬 明仁 を削除しました
2017-04-27 15:42:55:< クライアント登録 >
2017-04-27 17:25:47:< ログイン >Username : 石津聖 : Password : $2y$10$xwS.10Ek/c76fNIwv.Hk/OfWLp/7.Ax1wxK45V0Gm5QXRWhjnsdByl
2017-04-27 17:49:27:< エンドクライアント追加 >michil が新たに追加されましたl
2017-04-27 17:49:45:< エンドクライアント削除 >michil を削除しましたl
2017-04-27 17:53:21:< プロジェクト情報新規登録 >フィギュア が新たに追加されました
2017-04-27 18:02:09:< ログイン >Username : 石津聖 : Password : $2y$10$cfgSoj8a6wrz/DOt8krdN.rHaIYKMEBa9y2LkZVf3mw/6hTgA3kyal
2017-04-27 18:04:39:< エンドクライアント情報編集 >博報堂 を編集しましたl
