2017-05-07 08:22:09 Error: [InvalidArgumentException] Clients is not associated with Clients
Request URL: /
Referer URL: http://localhost:8888/PersonalTool/managers/login
Stack Trace:
#0 /Applications/MAMP/htdocs/PersonalTool/vendor/cakephp/cakephp/src/ORM/EagerLoader.php(321): Cake\ORM\EagerLoader->_normalizeContain(Object(App\Model\Table\ClientsTable), 'Clients', Array, Array)
#1 /Applications/MAMP/htdocs/PersonalTool/vendor/cakephp/cakephp/src/ORM/EagerLoader.php(450): Cake\ORM\EagerLoader->normalized(Object(App\Model\Table\ClientsTable))
#2 /Applications/MAMP/htdocs/PersonalTool/vendor/cakephp/cakephp/src/ORM/EagerLoader.php(421): Cake\ORM\EagerLoader->attachableAssociations(Object(App\Model\Table\ClientsTable))
#3 /Applications/MAMP/htdocs/PersonalTool/vendor/cakephp/cakephp/src/ORM/Query.php(1038): Cake\ORM\EagerLoader->attachAssociations(Object(Cake\ORM\Query), Object(App\Model\Table\ClientsTable), true)
#4 /Applications/MAMP/htdocs/PersonalTool/vendor/cakephp/cakephp/src/ORM/Query.php(989): Cake\ORM\Query->_transformQuery()
#5 /Applications/MAMP/htdocs/PersonalTool/vendor/cakephp/cakephp/src/Database/Driver/Mysql.php(136): Cake\ORM\Query->sql()
#6 /Applications/MAMP/htdocs/PersonalTool/vendor/cakephp/cakephp/src/Database/Connection.php(258): Cake\Database\Driver\Mysql->prepare(Object(Cake\ORM\Query))
#7 /Applications/MAMP/htdocs/PersonalTool/vendor/cakephp/cakephp/src/Database/Connection.php(311): Cake\Database\Connection->prepare(Object(Cake\ORM\Query))
#8 /Applications/MAMP/htdocs/PersonalTool/vendor/cakephp/cakephp/src/Database/Query.php(213): Cake\Database\Connection->run(Object(Cake\ORM\Query))
#9 /Applications/MAMP/htdocs/PersonalTool/vendor/cakephp/cakephp/src/ORM/Query.php(1011): Cake\Database\Query->execute()
#10 /Applications/MAMP/htdocs/PersonalTool/vendor/cakephp/cakephp/src/Datasource/QueryTrait.php(276): Cake\ORM\Query->_execute()
#11 /Applications/MAMP/htdocs/PersonalTool/vendor/cakephp/cakephp/src/ORM/Query.php(959): Cake\ORM\Query->_all()
#12 /Applications/MAMP/htdocs/PersonalTool/vendor/cakephp/cakephp/src/Controller/Component/PaginatorComponent.php(190): Cake\ORM\Query->all()
#13 /Applications/MAMP/htdocs/PersonalTool/vendor/cakephp/cakephp/src/Controller/Controller.php(717): Cake\Controller\Component\PaginatorComponent->paginate(Object(App\Model\Table\ClientsTable), Array)
#14 /Applications/MAMP/htdocs/PersonalTool/src/Controller/ClientsController.php(56): Cake\Controller\Controller->paginate(Object(App\Model\Table\ClientsTable))
#15 /Applications/MAMP/htdocs/PersonalTool/vendor/cakephp/cakephp/src/Controller/Controller.php(440): App\Controller\ClientsController->index()
#16 /Applications/MAMP/htdocs/PersonalTool/vendor/cakephp/cakephp/src/Http/ActionDispatcher.php(119): Cake\Controller\Controller->invokeAction()
#17 /Applications/MAMP/htdocs/PersonalTool/vendor/cakephp/cakephp/src/Http/ActionDispatcher.php(93): Cake\Http\ActionDispatcher->_invoke(Object(App\Controller\ClientsController))
#18 /Applications/MAMP/htdocs/PersonalTool/vendor/cakephp/cakephp/src/Http/BaseApplication.php(78): Cake\Http\ActionDispatcher->dispatch(Object(Cake\Http\ServerRequest), Object(Cake\Http\Response))
#19 /Applications/MAMP/htdocs/PersonalTool/vendor/cakephp/cakephp/src/Http/Runner.php(65): Cake\Http\BaseApplication->__invoke(Object(Cake\Http\ServerRequest), Object(Cake\Http\Response), Object(Cake\Http\Runner))
#20 /Applications/MAMP/htdocs/PersonalTool/vendor/cakephp/cakephp/src/Routing/Middleware/RoutingMiddleware.php(59): Cake\Http\Runner->__invoke(Object(Cake\Http\ServerRequest), Object(Cake\Http\Response))
#21 /Applications/MAMP/htdocs/PersonalTool/vendor/cakephp/cakephp/src/Http/Runner.php(65): Cake\Routing\Middleware\RoutingMiddleware->__invoke(Object(Cake\Http\ServerRequest), Object(Cake\Http\Response), Object(Cake\Http\Runner))
#22 /Applications/MAMP/htdocs/PersonalTool/vendor/cakephp/cakephp/src/Routing/Middleware/AssetMiddleware.php(88): Cake\Http\Runner->__invoke(Object(Cake\Http\ServerRequest), Object(Cake\Http\Response))
#23 /Applications/MAMP/htdocs/PersonalTool/vendor/cakephp/cakephp/src/Http/Runner.php(65): Cake\Routing\Middleware\AssetMiddleware->__invoke(Object(Cake\Http\ServerRequest), Object(Cake\Http\Response), Object(Cake\Http\Runner))
#24 /Applications/MAMP/htdocs/PersonalTool/vendor/cakephp/cakephp/src/Error/Middleware/ErrorHandlerMiddleware.php(92): Cake\Http\Runner->__invoke(Object(Cake\Http\ServerRequest), Object(Cake\Http\Response))
#25 /Applications/MAMP/htdocs/PersonalTool/vendor/cakephp/cakephp/src/Http/Runner.php(65): Cake\Error\Middleware\ErrorHandlerMiddleware->__invoke(Object(Cake\Http\ServerRequest), Object(Cake\Http\Response), Object(Cake\Http\Runner))
#26 /Applications/MAMP/htdocs/PersonalTool/vendor/cakephp/cakephp/src/Http/Runner.php(51): Cake\Http\Runner->__invoke(Object(Cake\Http\ServerRequest), Object(Cake\Http\Response))
#27 /Applications/MAMP/htdocs/PersonalTool/vendor/cakephp/cakephp/src/Http/Server.php(80): Cake\Http\Runner->run(Object(Cake\Http\MiddlewareQueue), Object(Cake\Http\ServerRequest), Object(Cake\Http\Response))
#28 /Applications/MAMP/htdocs/PersonalTool/webroot/index.php(37): Cake\Http\Server->run()
#29 {main}


2017-05-07 08:24:16 Error: Fatal Error (1): Maximum execution time of 30 seconds exceeded in [/Applications/MAMP/htdocs/PersonalTool/vendor/cakephp/cakephp/src/Error/Debugger.php, line 329]
Request URL: /
Referer URL: http://localhost:8888/PersonalTool/managers/login
Trace:
Cake\Error\BaseErrorHandler::handleFatalError() - CORE/src/Error/BaseErrorHandler.php, line 223
Cake\Error\BaseErrorHandler::Cake\Error\{closure}() - CORE/src/Error/BaseErrorHandler.php, line 105
[main] - [internal], line ??



2017-05-07 08:24:17 Error: [Cake\Error\FatalErrorException] Maximum execution time of 30 seconds exceeded in /Applications/MAMP/htdocs/PersonalTool/vendor/cakephp/cakephp/src/Error/Debugger.php on line 329
Request URL: /
Referer URL: http://localhost:8888/PersonalTool/managers/login
Stack Trace:
#0 /Applications/MAMP/htdocs/PersonalTool/vendor/cakephp/cakephp/src/Error/BaseErrorHandler.php(105): Cake\Error\BaseErrorHandler->handleFatalError(1, 'Maximum executi...', '/Applications/M...', 329)
#1 [internal function]: Cake\Error\BaseErrorHandler->Cake\Error\{closure}()
#2 {main}


2017-05-07 08:29:28 Error: [Cake\Routing\Exception\MissingControllerException] Controller class Add could not be found.
Request URL: /add
Stack Trace:
#0 /Applications/MAMP/htdocs/PersonalTool/vendor/cakephp/cakephp/src/Http/ControllerFactory.php(70): Cake\Http\ControllerFactory->missingController(Object(Cake\Http\ServerRequest))
#1 /Applications/MAMP/htdocs/PersonalTool/vendor/cakephp/cakephp/src/Http/ActionDispatcher.php(90): Cake\Http\ControllerFactory->create(Object(Cake\Http\ServerRequest), Object(Cake\Http\Response))
#2 /Applications/MAMP/htdocs/PersonalTool/vendor/cakephp/cakephp/src/Http/BaseApplication.php(78): Cake\Http\ActionDispatcher->dispatch(Object(Cake\Http\ServerRequest), Object(Cake\Http\Response))
#3 /Applications/MAMP/htdocs/PersonalTool/vendor/cakephp/cakephp/src/Http/Runner.php(65): Cake\Http\BaseApplication->__invoke(Object(Cake\Http\ServerRequest), Object(Cake\Http\Response), Object(Cake\Http\Runner))
#4 /Applications/MAMP/htdocs/PersonalTool/vendor/cakephp/cakephp/src/Routing/Middleware/RoutingMiddleware.php(59): Cake\Http\Runner->__invoke(Object(Cake\Http\ServerRequest), Object(Cake\Http\Response))
#5 /Applications/MAMP/htdocs/PersonalTool/vendor/cakephp/cakephp/src/Http/Runner.php(65): Cake\Routing\Middleware\RoutingMiddleware->__invoke(Object(Cake\Http\ServerRequest), Object(Cake\Http\Response), Object(Cake\Http\Runner))
#6 /Applications/MAMP/htdocs/PersonalTool/vendor/cakephp/cakephp/src/Routing/Middleware/AssetMiddleware.php(88): Cake\Http\Runner->__invoke(Object(Cake\Http\ServerRequest), Object(Cake\Http\Response))
#7 /Applications/MAMP/htdocs/PersonalTool/vendor/cakephp/cakephp/src/Http/Runner.php(65): Cake\Routing\Middleware\AssetMiddleware->__invoke(Object(Cake\Http\ServerRequest), Object(Cake\Http\Response), Object(Cake\Http\Runner))
#8 /Applications/MAMP/htdocs/PersonalTool/vendor/cakephp/cakephp/src/Error/Middleware/ErrorHandlerMiddleware.php(92): Cake\Http\Runner->__invoke(Object(Cake\Http\ServerRequest), Object(Cake\Http\Response))
#9 /Applications/MAMP/htdocs/PersonalTool/vendor/cakephp/cakephp/src/Http/Runner.php(65): Cake\Error\Middleware\ErrorHandlerMiddleware->__invoke(Object(Cake\Http\ServerRequest), Object(Cake\Http\Response), Object(Cake\Http\Runner))
#10 /Applications/MAMP/htdocs/PersonalTool/vendor/cakephp/cakephp/src/Http/Runner.php(51): Cake\Http\Runner->__invoke(Object(Cake\Http\ServerRequest), Object(Cake\Http\Response))
#11 /Applications/MAMP/htdocs/PersonalTool/vendor/cakephp/cakephp/src/Http/Server.php(80): Cake\Http\Runner->run(Object(Cake\Http\MiddlewareQueue), Object(Cake\Http\ServerRequest), Object(Cake\Http\Response))
#12 /Applications/MAMP/htdocs/PersonalTool/webroot/index.php(37): Cake\Http\Server->run()
#13 {main}


2017-05-07 08:33:43 Error: [Cake\Routing\Exception\MissingControllerException] Controller class Img could not be found.
Request URL: /img/thumbnail/?%202017-05-07%2017.05.31.png
Referer URL: http://localhost:8888/PersonalTool/clients/view/14969
Stack Trace:
#0 /Applications/MAMP/htdocs/PersonalTool/vendor/cakephp/cakephp/src/Http/ControllerFactory.php(70): Cake\Http\ControllerFactory->missingController(Object(Cake\Http\ServerRequest))
#1 /Applications/MAMP/htdocs/PersonalTool/vendor/cakephp/cakephp/src/Http/ActionDispatcher.php(90): Cake\Http\ControllerFactory->create(Object(Cake\Http\ServerRequest), Object(Cake\Http\Response))
#2 /Applications/MAMP/htdocs/PersonalTool/vendor/cakephp/cakephp/src/Http/BaseApplication.php(78): Cake\Http\ActionDispatcher->dispatch(Object(Cake\Http\ServerRequest), Object(Cake\Http\Response))
#3 /Applications/MAMP/htdocs/PersonalTool/vendor/cakephp/cakephp/src/Http/Runner.php(65): Cake\Http\BaseApplication->__invoke(Object(Cake\Http\ServerRequest), Object(Cake\Http\Response), Object(Cake\Http\Runner))
#4 /Applications/MAMP/htdocs/PersonalTool/vendor/cakephp/cakephp/src/Routing/Middleware/RoutingMiddleware.php(59): Cake\Http\Runner->__invoke(Object(Cake\Http\ServerRequest), Object(Cake\Http\Response))
#5 /Applications/MAMP/htdocs/PersonalTool/vendor/cakephp/cakephp/src/Http/Runner.php(65): Cake\Routing\Middleware\RoutingMiddleware->__invoke(Object(Cake\Http\ServerRequest), Object(Cake\Http\Response), Object(Cake\Http\Runner))
#6 /Applications/MAMP/htdocs/PersonalTool/vendor/cakephp/cakephp/src/Routing/Middleware/AssetMiddleware.php(88): Cake\Http\Runner->__invoke(Object(Cake\Http\ServerRequest), Object(Cake\Http\Response))
#7 /Applications/MAMP/htdocs/PersonalTool/vendor/cakephp/cakephp/src/Http/Runner.php(65): Cake\Routing\Middleware\AssetMiddleware->__invoke(Object(Cake\Http\ServerRequest), Object(Cake\Http\Response), Object(Cake\Http\Runner))
#8 /Applications/MAMP/htdocs/PersonalTool/vendor/cakephp/cakephp/src/Error/Middleware/ErrorHandlerMiddleware.php(92): Cake\Http\Runner->__invoke(Object(Cake\Http\ServerRequest), Object(Cake\Http\Response))
#9 /Applications/MAMP/htdocs/PersonalTool/vendor/cakephp/cakephp/src/Http/Runner.php(65): Cake\Error\Middleware\ErrorHandlerMiddleware->__invoke(Object(Cake\Http\ServerRequest), Object(Cake\Http\Response), Object(Cake\Http\Runner))
#10 /Applications/MAMP/htdocs/PersonalTool/vendor/cakephp/cakephp/src/Http/Runner.php(51): Cake\Http\Runner->__invoke(Object(Cake\Http\ServerRequest), Object(Cake\Http\Response))
#11 /Applications/MAMP/htdocs/PersonalTool/vendor/cakephp/cakephp/src/Http/Server.php(80): Cake\Http\Runner->run(Object(Cake\Http\MiddlewareQueue), Object(Cake\Http\ServerRequest), Object(Cake\Http\Response))
#12 /Applications/MAMP/htdocs/PersonalTool/webroot/index.php(37): Cake\Http\Server->run()
#13 {main}


2017-05-07 08:34:11 Error: [Cake\Routing\Exception\MissingControllerException] Controller class Img could not be found.
Request URL: /img/thumbnail/?%202017-05-07%2017.30.40.png
Referer URL: http://localhost:8888/PersonalTool/clients/view/14969
Stack Trace:
#0 /Applications/MAMP/htdocs/PersonalTool/vendor/cakephp/cakephp/src/Http/ControllerFactory.php(70): Cake\Http\ControllerFactory->missingController(Object(Cake\Http\ServerRequest))
#1 /Applications/MAMP/htdocs/PersonalTool/vendor/cakephp/cakephp/src/Http/ActionDispatcher.php(90): Cake\Http\ControllerFactory->create(Object(Cake\Http\ServerRequest), Object(Cake\Http\Response))
#2 /Applications/MAMP/htdocs/PersonalTool/vendor/cakephp/cakephp/src/Http/BaseApplication.php(78): Cake\Http\ActionDispatcher->dispatch(Object(Cake\Http\ServerRequest), Object(Cake\Http\Response))
#3 /Applications/MAMP/htdocs/PersonalTool/vendor/cakephp/cakephp/src/Http/Runner.php(65): Cake\Http\BaseApplication->__invoke(Object(Cake\Http\ServerRequest), Object(Cake\Http\Response), Object(Cake\Http\Runner))
#4 /Applications/MAMP/htdocs/PersonalTool/vendor/cakephp/cakephp/src/Routing/Middleware/RoutingMiddleware.php(59): Cake\Http\Runner->__invoke(Object(Cake\Http\ServerRequest), Object(Cake\Http\Response))
#5 /Applications/MAMP/htdocs/PersonalTool/vendor/cakephp/cakephp/src/Http/Runner.php(65): Cake\Routing\Middleware\RoutingMiddleware->__invoke(Object(Cake\Http\ServerRequest), Object(Cake\Http\Response), Object(Cake\Http\Runner))
#6 /Applications/MAMP/htdocs/PersonalTool/vendor/cakephp/cakephp/src/Routing/Middleware/AssetMiddleware.php(88): Cake\Http\Runner->__invoke(Object(Cake\Http\ServerRequest), Object(Cake\Http\Response))
#7 /Applications/MAMP/htdocs/PersonalTool/vendor/cakephp/cakephp/src/Http/Runner.php(65): Cake\Routing\Middleware\AssetMiddleware->__invoke(Object(Cake\Http\ServerRequest), Object(Cake\Http\Response), Object(Cake\Http\Runner))
#8 /Applications/MAMP/htdocs/PersonalTool/vendor/cakephp/cakephp/src/Error/Middleware/ErrorHandlerMiddleware.php(92): Cake\Http\Runner->__invoke(Object(Cake\Http\ServerRequest), Object(Cake\Http\Response))
#9 /Applications/MAMP/htdocs/PersonalTool/vendor/cakephp/cakephp/src/Http/Runner.php(65): Cake\Error\Middleware\ErrorHandlerMiddleware->__invoke(Object(Cake\Http\ServerRequest), Object(Cake\Http\Response), Object(Cake\Http\Runner))
#10 /Applications/MAMP/htdocs/PersonalTool/vendor/cakephp/cakephp/src/Http/Runner.php(51): Cake\Http\Runner->__invoke(Object(Cake\Http\ServerRequest), Object(Cake\Http\Response))
#11 /Applications/MAMP/htdocs/PersonalTool/vendor/cakephp/cakephp/src/Http/Server.php(80): Cake\Http\Runner->run(Object(Cake\Http\MiddlewareQueue), Object(Cake\Http\ServerRequest), Object(Cake\Http\Response))
#12 /Applications/MAMP/htdocs/PersonalTool/webroot/index.php(37): Cake\Http\Server->run()
#13 {main}


2017-05-07 09:00:14 Error: Fatal Error (1): Maximum execution time of 30 seconds exceeded in [/Applications/MAMP/htdocs/PersonalTool/vendor/cakephp/cakephp/src/Log/Engine/FileLog.php, line 188]
Request URL: /
Trace:
Cake\Error\BaseErrorHandler::handleFatalError() - CORE/src/Error/BaseErrorHandler.php, line 223
Cake\Error\BaseErrorHandler::Cake\Error\{closure}() - CORE/src/Error/BaseErrorHandler.php, line 105
[main] - [internal], line ??



2017-05-07 09:00:14 Error: [Cake\Error\FatalErrorException] Maximum execution time of 30 seconds exceeded in /Applications/MAMP/htdocs/PersonalTool/vendor/cakephp/cakephp/src/Log/Engine/FileLog.php on line 188
Request URL: /
Stack Trace:
#0 /Applications/MAMP/htdocs/PersonalTool/vendor/cakephp/cakephp/src/Error/BaseErrorHandler.php(105): Cake\Error\BaseErrorHandler->handleFatalError(1, 'Maximum executi...', '/Applications/M...', 188)
#1 [internal function]: Cake\Error\BaseErrorHandler->Cake\Error\{closure}()
#2 {main}


2017-05-07 09:09:00 Error: Fatal Error (1): Maximum execution time of 30 seconds exceeded in [/Applications/MAMP/htdocs/PersonalTool/vendor/cakephp/cakephp/src/Error/Debugger.php, line 380]
Request URL: /
Referer URL: http://localhost:8888/
Trace:
Cake\Error\BaseErrorHandler::handleFatalError() - CORE/src/Error/BaseErrorHandler.php, line 223
Cake\Error\BaseErrorHandler::Cake\Error\{closure}() - CORE/src/Error/BaseErrorHandler.php, line 105
[main] - [internal], line ??



2017-05-07 09:09:00 Error: [Cake\Error\FatalErrorException] Maximum execution time of 30 seconds exceeded in /Applications/MAMP/htdocs/PersonalTool/vendor/cakephp/cakephp/src/Error/Debugger.php on line 380
Request URL: /
Referer URL: http://localhost:8888/
Stack Trace:
#0 /Applications/MAMP/htdocs/PersonalTool/vendor/cakephp/cakephp/src/Error/BaseErrorHandler.php(105): Cake\Error\BaseErrorHandler->handleFatalError(1, 'Maximum executi...', '/Applications/M...', 380)
#1 [internal function]: Cake\Error\BaseErrorHandler->Cake\Error\{closure}()
#2 {main}


2017-05-07 09:28:53 Error: [Cake\Routing\Exception\MissingControllerException] Controller class Img could not be found.
Request URL: /img/thumbnail/
Referer URL: http://localhost:8888/PersonalTool/clients/view/10026
Stack Trace:
#0 /Applications/MAMP/htdocs/PersonalTool/vendor/cakephp/cakephp/src/Http/ControllerFactory.php(70): Cake\Http\ControllerFactory->missingController(Object(Cake\Http\ServerRequest))
#1 /Applications/MAMP/htdocs/PersonalTool/vendor/cakephp/cakephp/src/Http/ActionDispatcher.php(90): Cake\Http\ControllerFactory->create(Object(Cake\Http\ServerRequest), Object(Cake\Http\Response))
#2 /Applications/MAMP/htdocs/PersonalTool/vendor/cakephp/cakephp/src/Http/BaseApplication.php(78): Cake\Http\ActionDispatcher->dispatch(Object(Cake\Http\ServerRequest), Object(Cake\Http\Response))
#3 /Applications/MAMP/htdocs/PersonalTool/vendor/cakephp/cakephp/src/Http/Runner.php(65): Cake\Http\BaseApplication->__invoke(Object(Cake\Http\ServerRequest), Object(Cake\Http\Response), Object(Cake\Http\Runner))
#4 /Applications/MAMP/htdocs/PersonalTool/vendor/cakephp/cakephp/src/Routing/Middleware/RoutingMiddleware.php(59): Cake\Http\Runner->__invoke(Object(Cake\Http\ServerRequest), Object(Cake\Http\Response))
#5 /Applications/MAMP/htdocs/PersonalTool/vendor/cakephp/cakephp/src/Http/Runner.php(65): Cake\Routing\Middleware\RoutingMiddleware->__invoke(Object(Cake\Http\ServerRequest), Object(Cake\Http\Response), Object(Cake\Http\Runner))
#6 /Applications/MAMP/htdocs/PersonalTool/vendor/cakephp/cakephp/src/Routing/Middleware/AssetMiddleware.php(88): Cake\Http\Runner->__invoke(Object(Cake\Http\ServerRequest), Object(Cake\Http\Response))
#7 /Applications/MAMP/htdocs/PersonalTool/vendor/cakephp/cakephp/src/Http/Runner.php(65): Cake\Routing\Middleware\AssetMiddleware->__invoke(Object(Cake\Http\ServerRequest), Object(Cake\Http\Response), Object(Cake\Http\Runner))
#8 /Applications/MAMP/htdocs/PersonalTool/vendor/cakephp/cakephp/src/Error/Middleware/ErrorHandlerMiddleware.php(92): Cake\Http\Runner->__invoke(Object(Cake\Http\ServerRequest), Object(Cake\Http\Response))
#9 /Applications/MAMP/htdocs/PersonalTool/vendor/cakephp/cakephp/src/Http/Runner.php(65): Cake\Error\Middleware\ErrorHandlerMiddleware->__invoke(Object(Cake\Http\ServerRequest), Object(Cake\Http\Response), Object(Cake\Http\Runner))
#10 /Applications/MAMP/htdocs/PersonalTool/vendor/cakephp/cakephp/src/Http/Runner.php(51): Cake\Http\Runner->__invoke(Object(Cake\Http\ServerRequest), Object(Cake\Http\Response))
#11 /Applications/MAMP/htdocs/PersonalTool/vendor/cakephp/cakephp/src/Http/Server.php(80): Cake\Http\Runner->run(Object(Cake\Http\MiddlewareQueue), Object(Cake\Http\ServerRequest), Object(Cake\Http\Response))
#12 /Applications/MAMP/htdocs/PersonalTool/webroot/index.php(37): Cake\Http\Server->run()
#13 {main}


2017-05-07 09:30:08 Error: [Cake\Routing\Exception\MissingControllerException] Controller class Img could not be found.
Request URL: /img/thumbnail/
Referer URL: http://localhost:8888/PersonalTool/clients/view/10016
Stack Trace:
#0 /Applications/MAMP/htdocs/PersonalTool/vendor/cakephp/cakephp/src/Http/ControllerFactory.php(70): Cake\Http\ControllerFactory->missingController(Object(Cake\Http\ServerRequest))
#1 /Applications/MAMP/htdocs/PersonalTool/vendor/cakephp/cakephp/src/Http/ActionDispatcher.php(90): Cake\Http\ControllerFactory->create(Object(Cake\Http\ServerRequest), Object(Cake\Http\Response))
#2 /Applications/MAMP/htdocs/PersonalTool/vendor/cakephp/cakephp/src/Http/BaseApplication.php(78): Cake\Http\ActionDispatcher->dispatch(Object(Cake\Http\ServerRequest), Object(Cake\Http\Response))
#3 /Applications/MAMP/htdocs/PersonalTool/vendor/cakephp/cakephp/src/Http/Runner.php(65): Cake\Http\BaseApplication->__invoke(Object(Cake\Http\ServerRequest), Object(Cake\Http\Response), Object(Cake\Http\Runner))
#4 /Applications/MAMP/htdocs/PersonalTool/vendor/cakephp/cakephp/src/Routing/Middleware/RoutingMiddleware.php(59): Cake\Http\Runner->__invoke(Object(Cake\Http\ServerRequest), Object(Cake\Http\Response))
#5 /Applications/MAMP/htdocs/PersonalTool/vendor/cakephp/cakephp/src/Http/Runner.php(65): Cake\Routing\Middleware\RoutingMiddleware->__invoke(Object(Cake\Http\ServerRequest), Object(Cake\Http\Response), Object(Cake\Http\Runner))
#6 /Applications/MAMP/htdocs/PersonalTool/vendor/cakephp/cakephp/src/Routing/Middleware/AssetMiddleware.php(88): Cake\Http\Runner->__invoke(Object(Cake\Http\ServerRequest), Object(Cake\Http\Response))
#7 /Applications/MAMP/htdocs/PersonalTool/vendor/cakephp/cakephp/src/Http/Runner.php(65): Cake\Routing\Middleware\AssetMiddleware->__invoke(Object(Cake\Http\ServerRequest), Object(Cake\Http\Response), Object(Cake\Http\Runner))
#8 /Applications/MAMP/htdocs/PersonalTool/vendor/cakephp/cakephp/src/Error/Middleware/ErrorHandlerMiddleware.php(92): Cake\Http\Runner->__invoke(Object(Cake\Http\ServerRequest), Object(Cake\Http\Response))
#9 /Applications/MAMP/htdocs/PersonalTool/vendor/cakephp/cakephp/src/Http/Runner.php(65): Cake\Error\Middleware\ErrorHandlerMiddleware->__invoke(Object(Cake\Http\ServerRequest), Object(Cake\Http\Response), Object(Cake\Http\Runner))
#10 /Applications/MAMP/htdocs/PersonalTool/vendor/cakephp/cakephp/src/Http/Runner.php(51): Cake\Http\Runner->__invoke(Object(Cake\Http\ServerRequest), Object(Cake\Http\Response))
#11 /Applications/MAMP/htdocs/PersonalTool/vendor/cakephp/cakephp/src/Http/Server.php(80): Cake\Http\Runner->run(Object(Cake\Http\MiddlewareQueue), Object(Cake\Http\ServerRequest), Object(Cake\Http\Response))
#12 /Applications/MAMP/htdocs/PersonalTool/webroot/index.php(37): Cake\Http\Server->run()
#13 {main}


